<?xml version="1.0" encoding="UTF-8"?>
<!-- Generated by org.testng.reporters.JUnitXMLReporter -->
<testsuite ignored="0" hostname="Daniels-MacBook-Pro.local" failures="0" tests="10" name="Default test" time="47.141" errors="0" timestamp="2020-10-17T23:08:22 IDT">
  <testcase classname="tests.LoginTest" name="tc01_login" time="6.971"/>
  <testcase classname="tests.LoginTest" name="tc02_login" time="3.141"/>
  <testcase classname="tests.LoginTest" name="tc02_login" time="2.931"/>
  <testcase classname="tests.LoginTest" name="tc02_login" time="2.659"/>
  <testcase classname="tests.LoginTest" name="tc03_login" time="4.613"/>
  <testcase classname="tests.LoginTest" name="tc03_login" time="3.437"/>
  <testcase classname="tests.LoginTest" name="tc03_login" time="4.258"/>
  <testcase classname="tests.LoginTest" name="tc03_login" time="3.59"/>
  <testcase classname="tests.LoginTest" name="tc03_login" time="4.129"/>
  <testcase classname="tests.LoginTest" name="tc04_login" time="3.542"/>
</testsuite> <!-- Default test -->
